<?xml version="1.0" encoding="UTF-8"?>
<testng-results ignored="0" total="1" passed="1" failed="0" skipped="0">
  <reporter-output>
  </reporter-output>
  <suite started-at="2023-01-03T11:43:17 GMT" name="Default suite" finished-at="2023-01-03T11:44:26 GMT" duration-ms="68851">
    <groups>
    </groups>
    <test started-at="2023-01-03T11:43:17 GMT" name="Default test" finished-at="2023-01-03T11:44:26 GMT" duration-ms="68851">
      <class name="com.smartpolicy.testcases.TC_reviewSingleDoc">
        <test-method signature="Documents(java.lang.String,java.lang.String)[pri:0, instance:com.smartpolicy.testcases.TC_reviewSingleDoc@1dde4cb2]" started-at="2023-01-03T11:43:17 GMT" name="Documents" data-provider="smartpoldetails" finished-at="2023-01-03T11:44:25 GMT" duration-ms="68349" status="PASS">
          <params>
            <param index="0">
              <value>
                <![CDATA[simple.handler.02@sm4rt.tst]]>
              </value>
            </param>
            <param index="1">
              <value>
                <![CDATA[Test12345]]>
              </value>
            </param>
          </params>
          <reporter-output>
          </reporter-output>
        </test-method> <!-- Documents -->
        <test-method is-config="true" signature="tearDown()[pri:0, instance:com.smartpolicy.testcases.TC_reviewSingleDoc@1dde4cb2]" started-at="2023-01-03T11:44:25 GMT" name="tearDown" finished-at="2023-01-03T11:44:26 GMT" duration-ms="106" status="PASS">
          <reporter-output>
          </reporter-output>
        </test-method> <!-- tearDown -->
      </class> <!-- com.smartpolicy.testcases.TC_reviewSingleDoc -->
    </test> <!-- Default test -->
  </suite> <!-- Default suite -->
</testng-results>
